20230516	14:01:28	547740ae-c06a-43a4-9bf4-bcee21e10d10	POST	/users	undefined
20230516	14:02:28	9d6073a8-9079-4044-888e-2817910d211b	POST	/users	undefined
20230516	14:03:49	b94e5359-40a8-48ff-b71e-a46be6ce8294	POST	/users	undefined
20230516	14:04:34	8ac013dc-cb9c-419f-8cfa-2f8f8db3cea9	GET	/users	undefined
20230516	14:11:09	5c103bec-0842-4125-86d2-25623f2a043b	POST	/users	undefined
20230516	16:09:24	9bb8481a-d5be-4752-9d54-34f77243d1a8	GET	/users	undefined
20230516	16:19:02	6aa0e159-7e02-4ba5-9e34-004afe3ee739	POST	/users	undefined
20230516	16:19:43	9860b378-d1a7-44c2-8deb-5d91dc4c8aa3	GET	/users	undefined
20230516	16:20:13	2995baf0-2db8-4a42-ac99-cd9e3c33a511	PATCH	/users	undefined
20230516	16:21:10	7da8ff9d-dc5a-4b36-8345-ff6e0385c951	PATCH	/users	undefined
20230516	16:21:20	c2070181-479c-451d-972d-ceda78de5fde	PATCH	/users	undefined
20230516	16:22:05	eeffdb15-a352-478d-9578-5b4dc11ea1be	PATCH	/users	undefined
20230516	16:22:16	daebbd46-7cf0-4658-a5c6-c393264fc8af	PATCH	/users	undefined
20230516	16:22:24	e46bcb32-0650-4eed-89e5-53ab309d9d4d	PATCH	/users	undefined
20230516	16:22:30	ac04ad20-6c05-4868-945b-bac36f8328f2	GET	/users	undefined
20230516	16:23:08	1d605081-417f-4ac3-aa94-e97909bfd4c4	PATCH	/users	undefined
20230516	16:23:11	20d6846e-2b70-4235-97e5-28c9b036fc09	GET	/users	undefined
20230516	16:24:00	428ee36b-43e5-4295-962d-aec79bd20bb1	PATCH	/users	undefined
20230516	16:24:05	4579bbd6-c2ce-42cd-89e6-3527f95aa151	GET	/users	undefined
20230516	16:24:42	627709a8-67a1-4e85-82d7-0591d74c0158	PATCH	/users	undefined
20230516	16:24:44	7a28ad7b-cca3-4c27-a3df-3ec8a5939d88	GET	/users	undefined
20230516	16:28:37	965af8d2-c9db-431d-a7ab-e730708181c5	POST	/users	undefined
20230516	16:28:44	f7114f57-b473-4c83-b00c-c646f9b3f736	GET	/users	undefined
20230516	16:29:04	427bb252-618c-4b1a-84cc-bb0cf40fcde4	DELETE	/users	undefined
20230516	16:29:26	1665e758-8735-4dd8-aeb2-ebe8121fca8d	DELETE	/users	undefined
20230516	16:29:37	8736424e-51d3-45b0-a576-0a555e7b1c2f	GET	/users	undefined
20230516	16:30:13	e57ac786-c8c7-48fa-b9ed-0ec13ca23ec2	POST	/users	undefined
20230516	16:30:50	b58f1846-bccc-4408-8a34-fc2b85f425e9	DELETE	/users	undefined
20230516	16:30:58	ea59f2b3-dbf5-4170-ad48-56fbdedbc58d	GET	/users	undefined
20230516	17:01:35	ee6539a6-4e67-4f99-bd02-4333d9fdc953	POST	/posts	undefined
20230516	17:02:20	5dab5b3d-5180-4709-8500-12107a0e41bb	POST	/posts	undefined
20230516	17:02:26	f57d8ae9-9426-49e4-a2c9-41f52e5e6a88	GET	/posts	undefined
20230516	17:02:47	d05349b5-9e3a-4197-8a46-aba6efa560c4	GET	/posts	undefined
20230516	17:09:31	52a47380-590b-4812-9dfb-83276fd62ef2	POST	/posts	undefined
20230516	17:09:37	01cee1bf-9745-4d8e-8e8a-2d9668cf6309	GET	/posts	undefined
20230516	17:10:26	e73d80c6-c5e8-4024-bb51-8b2543302453	PATCH	/posts	undefined
20230516	17:10:42	5952f145-c068-4846-b104-85b37adf902e	PATCH	/posts	undefined
20230516	17:11:11	3b73aaee-f931-4866-832c-8a78255f5057	PATCH	/posts	undefined
20230516	17:11:48	6bd2bfbe-0314-4f2f-8303-fc74515fcc4d	PATCH	/posts	undefined
20230516	17:11:56	4d7d3670-1911-476f-a743-fd311046a7bf	GET	/posts	undefined
20230516	17:12:10	a9750861-d658-439a-b0d4-c73c20de45f3	DELETE	/posts	undefined
20230516	17:12:15	dd5c6256-9f79-403f-add8-e148366b99fd	GET	/posts	undefined
20230516	17:29:45	d55c1de7-0b48-49a6-9287-4ea12103a039	POST	/comments	undefined
20230516	17:30:35	fef89bba-5418-42a9-bff2-674e59c1c4fd	POST	/comments	undefined
20230516	17:30:45	9fadd6fa-839b-4bb9-b8e2-6b6fdf97826f	GET	/comments	undefined
20230516	17:31:51	e5a54db5-1fd6-42e9-800d-a39050fef027	GET	/comments	undefined
20230516	17:33:30	4861006c-8e06-4dec-9fbf-7d70fbea34fc	GET	/comments	undefined
20230516	17:34:23	0decd3be-ec4f-40dc-9866-56b4afa7f21f	GET	/comments	undefined
20230516	17:37:56	638716b0-55c3-4c84-ad97-a2e8d67b9cea	PATCH	/comments	undefined
20230516	17:38:04	3b9a0dd3-1c46-4c3e-9e24-25c055337c6d	GET	/comments	undefined
20230516	17:38:18	483f9bd3-2943-4fe5-8c6e-e65d16893b89	POST	/comments	undefined
20230516	17:38:26	7388d7f9-f448-4ce4-8787-689619f412f0	GET	/comments	undefined
20230516	17:38:42	951b21a9-4885-47d7-ba0b-60321eaef618	PATCH	/comments	undefined
20230516	17:38:55	d257e192-ba86-4485-b036-6f0fb1513f22	DELETE	/comments	undefined
20230516	17:38:59	b98512a2-e68f-462b-a93b-bf7037ebd3df	GET	/comments	undefined
20230516	17:44:52	160b12a1-b1f6-47ba-ae81-57736f0f00f9	PATCH	/comments	undefined
20230516	17:44:57	83bd29fb-ccea-409c-9b6f-110dadd88f76	GET	/comments	undefined
20230518	15:02:25	25411b0d-452c-4f11-b591-7d09340db2a1	GET	/users	undefined
20230518	15:02:37	661fc83a-6646-414c-9b3f-984de0df87a6	POST	/users	undefined
20230518	15:02:56	d88db687-d9b9-4554-b99e-f6b566d40797	GET	/users	undefined
20230518	15:03:28	98db0e0d-bbd5-4736-91a5-029e23a9a55e	POST	/users	undefined
20230518	15:03:32	ea2063e7-9c6e-4afa-81a7-fcd1bd357418	GET	/users	undefined
20230518	15:03:49	82489bf6-b52b-4fcc-8feb-6f0fe780fd19	POST	/auth/login	undefined
20230518	15:04:19	238dca93-9112-42cb-9265-010e33dda61c	POST	/auth/login	undefined
20230518	15:04:32	95e674dc-2601-4539-924e-dd7f901c7bb5	POST	/auth/login	undefined
20230518	15:05:46	7004141e-9b07-4697-9ae4-ff848898f64f	POST	/auth/login	undefined
20230518	15:06:31	3ebb05a6-b839-43f1-9c26-688d1f323320	POST	/auth/login	undefined
20230518	15:08:15	4f3588ef-0bbb-4414-8178-217a6a258194	GET	/auth/refresh	undefined
20230518	15:08:26	7ebe7429-05bf-4e29-8ccd-98b490ce9741	POST	/auth/logout	undefined
20230518	15:08:50	ac717985-2e82-4385-940b-92f883aa98ca	POST	/auth/login	undefined
20230518	15:15:33	21140fc5-b7ad-45fe-a377-1f850f996172	POST	/auth/logout	undefined
20230518	15:21:01	6f3288f3-2675-4eb0-b7e3-8911fb3f99cf	POST	/auth/login	undefined
20230518	15:21:50	9d4340e6-37dd-4a4e-b9aa-8199ff8465bb	POST	/auth/login	undefined
20230518	15:21:57	1951eced-b390-4d17-b2d5-19fe477c2ae6	POST	/auth/logout	undefined
20230518	15:40:27	bf38c309-5864-4eaa-84ff-ed5fa9afb545	POST	/auth/login	undefined
20230518	15:40:29	5a4bb900-b409-4679-a0eb-27efe619a458	POST	/auth/login	undefined
20230518	15:40:51	f1d224ba-4431-4e62-92d3-a6c23ec6eab7	POST	/auth/logout	undefined
20230518	15:41:28	c7a32f52-9a2b-4e9d-8d81-7eb62d72d2d4	POST	/auth/login	undefined
20230518	15:46:53	4ce68f9a-2c28-41a4-9688-fd12ec21f44b	POST	/auth/login	undefined
20230518	15:47:45	babb6c6d-198c-4342-8741-5bdb6f25e044	GET	/auth/refresh	undefined
20230518	15:48:14	6411d8c9-2024-4161-a527-6eab57afffb8	GET	/auth/refresh	undefined
20230518	15:48:33	3233495f-170f-416c-a2f4-4f9a2039d83f	POST	/auth/logout	undefined
20230518	15:48:46	559f4ac8-d2f9-4fdb-9f1f-c0471c6e1dcc	POST	/auth/login	undefined
20230518	15:50:47	8dd4a261-9d89-4651-9352-783552d658ce	POST	/users	undefined
20230518	15:51:28	8104f37a-f90f-4259-b801-cc4e4fca8e1d	POST	/auth/login	undefined
20230518	15:51:54	5e111b1e-7251-45ba-9f1e-9386b09b4202	GET	/users	undefined
20230518	15:52:11	e08bc0db-bffa-418b-b62d-66207dfd0f3d	GET	/users	undefined
